2021-11-08 14:16:03 INFO  k.c.qgmyunghwa.QgmyunghwaApplication - Starting QgmyunghwaApplication using Java 1.8.0_211 on DESKTOP-7NKSLEO with PID 22236 (C:\workspaceForMyungHwa\qgmyunghwa\target\classes started by KMS in C:\workspaceForMyungHwa\qgmyunghwa)
2021-11-08 14:16:03 INFO  k.c.qgmyunghwa.QgmyunghwaApplication - No active profile set, falling back to default profiles: default
2021-11-08 14:16:03 INFO  o.s.b.d.e.DevToolsPropertyDefaultsPostProcessor - Devtools property defaults active! Set 'spring.devtools.add-properties' to 'false' to disable
2021-11-08 14:16:03 INFO  o.s.b.d.e.DevToolsPropertyDefaultsPostProcessor - For additional web related logging consider setting the 'logging.level.web' property to 'DEBUG'
2021-11-08 14:16:03 INFO  o.s.d.r.c.RepositoryConfigurationDelegate - Bootstrapping Spring Data JPA repositories in DEFAULT mode.
2021-11-08 14:16:04 INFO  o.s.d.r.c.RepositoryConfigurationDelegate - Finished Spring Data repository scanning in 159 ms. Found 19 JPA repository interfaces.
2021-11-08 14:16:05 INFO  o.s.b.w.e.tomcat.TomcatWebServer - Tomcat initialized with port(s): 80 (http)
2021-11-08 14:16:05 INFO  o.a.coyote.http11.Http11NioProtocol - Initializing ProtocolHandler ["http-nio-80"]
2021-11-08 14:16:05 INFO  o.a.catalina.core.StandardService - Starting service [Tomcat]
2021-11-08 14:16:05 INFO  o.a.catalina.core.StandardEngine - Starting Servlet engine: [Apache Tomcat/9.0.52]
2021-11-08 14:16:05 INFO  o.a.c.c.C.[Tomcat].[localhost].[/] - Initializing Spring embedded WebApplicationContext
2021-11-08 14:16:05 INFO  o.s.b.w.s.c.ServletWebServerApplicationContext - Root WebApplicationContext: initialization completed in 2390 ms
2021-11-08 14:16:05 INFO  com.zaxxer.hikari.HikariDataSource - HikariPool-1 - Starting...
2021-11-08 14:16:06 INFO  com.zaxxer.hikari.HikariDataSource - HikariPool-1 - Start completed.
2021-11-08 14:16:06 INFO  o.h.jpa.internal.util.LogHelper - HHH000204: Processing PersistenceUnitInfo [name: default]
2021-11-08 14:16:06 INFO  org.hibernate.Version - HHH000412: Hibernate ORM core version 5.4.32.Final
2021-11-08 14:16:07 INFO  o.h.annotations.common.Version - HCANN000001: Hibernate Commons Annotations {5.1.2.Final}
2021-11-08 14:16:07 INFO  org.hibernate.dialect.Dialect - HHH000400: Using dialect: org.hibernate.dialect.MySQL5InnoDBDialect
2021-11-08 14:16:08 INFO  o.h.e.t.j.p.i.JtaPlatformInitiator - HHH000490: Using JtaPlatform implementation: [org.hibernate.engine.transaction.jta.platform.internal.NoJtaPlatform]
2021-11-08 14:16:08 INFO  o.s.o.j.LocalContainerEntityManagerFactoryBean - Initialized JPA EntityManagerFactory for persistence unit 'default'
2021-11-08 14:16:23 INFO  o.s.s.web.DefaultSecurityFilterChain - Will secure Ant [pattern='/scripts/**'] with []
2021-11-08 14:16:23 INFO  o.s.s.web.DefaultSecurityFilterChain - Will secure Ant [pattern='/styles/**'] with []
2021-11-08 14:16:23 INFO  o.s.s.web.DefaultSecurityFilterChain - Will secure Ant [pattern='/images/**'] with []
2021-11-08 14:16:23 INFO  o.s.s.web.DefaultSecurityFilterChain - Will secure Ant [pattern='/vendor/**'] with []
2021-11-08 14:16:23 INFO  o.s.s.web.DefaultSecurityFilterChain - Will secure Ant [pattern='/icons/**'] with []
2021-11-08 14:16:23 INFO  o.s.s.web.DefaultSecurityFilterChain - Will secure Ant [pattern='/fonts/**'] with []
2021-11-08 14:16:23 INFO  o.s.s.web.DefaultSecurityFilterChain - Will secure Ant [pattern='/favicon.ico'] with []
2021-11-08 14:16:23 INFO  o.s.s.web.DefaultSecurityFilterChain - Will secure Ant [pattern='/v2/api-docs'] with []
2021-11-08 14:16:23 INFO  o.s.s.web.DefaultSecurityFilterChain - Will secure Ant [pattern='/swagger-resources/**'] with []
2021-11-08 14:16:23 INFO  o.s.s.web.DefaultSecurityFilterChain - Will secure Ant [pattern='/configuration/**'] with []
2021-11-08 14:16:23 INFO  o.s.s.web.DefaultSecurityFilterChain - Will secure Ant [pattern='/swagger-ui.html'] with []
2021-11-08 14:16:23 INFO  o.s.s.web.DefaultSecurityFilterChain - Will secure Ant [pattern='/webjars/**'] with []
2021-11-08 14:16:23 INFO  o.s.s.web.DefaultSecurityFilterChain - Will secure Ant [pattern='/swagger/**'] with []
2021-11-08 14:16:23 INFO  o.s.s.web.DefaultSecurityFilterChain - Will secure Ant [pattern='/focus/**'] with []
2021-11-08 14:16:23 INFO  o.s.s.web.DefaultSecurityFilterChain - Will secure Ant [pattern='/falcon/**'] with []
2021-11-08 14:16:23 INFO  o.s.s.web.DefaultSecurityFilterChain - Will secure any request with [org.springframework.security.web.context.request.async.WebAsyncManagerIntegrationFilter@2903d1e0, org.springframework.security.web.context.SecurityContextPersistenceFilter@26f2bcb9, org.springframework.security.web.header.HeaderWriterFilter@8d9a2b7, org.springframework.security.web.authentication.logout.LogoutFilter@66a615c7, org.springframework.security.web.authentication.UsernamePasswordAuthenticationFilter@387bbbf2, org.springframework.security.web.savedrequest.RequestCacheAwareFilter@53f597b, org.springframework.security.web.servletapi.SecurityContextHolderAwareRequestFilter@35da5225, org.springframework.security.web.authentication.AnonymousAuthenticationFilter@4c425b19, org.springframework.security.web.session.SessionManagementFilter@2bcc577d, org.springframework.security.web.access.ExceptionTranslationFilter@2d1f128a, org.springframework.security.web.access.intercept.FilterSecurityInterceptor@61fadc95]
2021-11-08 14:16:24 INFO  o.s.b.a.w.s.WelcomePageHandlerMapping - Adding welcome page template: index
2021-11-08 14:16:24 INFO  o.s.b.d.a.OptionalLiveReloadServer - LiveReload server is running on port 35729
2021-11-08 14:16:24 INFO  o.a.coyote.http11.Http11NioProtocol - Starting ProtocolHandler ["http-nio-80"]
2021-11-08 14:16:24 INFO  o.s.b.w.e.tomcat.TomcatWebServer - Tomcat started on port(s): 80 (http) with context path ''
2021-11-08 14:16:24 INFO  k.c.qgmyunghwa.QgmyunghwaApplication - Started QgmyunghwaApplication in 21.922 seconds (JVM running for 22.499)
2021-11-08 14:17:20 INFO  o.a.c.c.C.[Tomcat].[localhost].[/] - Initializing Spring DispatcherServlet 'dispatcherServlet'
2021-11-08 14:17:20 INFO  o.s.web.servlet.DispatcherServlet - Initializing Servlet 'dispatcherServlet'
2021-11-08 14:17:20 INFO  o.s.web.servlet.DispatcherServlet - Completed initialization in 1 ms
